#
# A fatal error has been detected by the Java Runtime Environment:
#
#  EXCEPTION_ACCESS_VIOLATION (0xc0000005) at pc=0x00007ffefbfd5e6f, pid=10224, tid=0x00000000000012bc
#
# JRE version: Java(TM) SE Runtime Environment (8.0_171-b11) (build 1.8.0_171-b11)
# Java VM: Java HotSpot(TM) 64-Bit Server VM (25.171-b11 mixed mode windows-amd64 compressed oops)
# Problematic frame:
# C  [glfw.dll+0x5e6f]
#
# Failed to write core dump. Minidumps are not enabled by default on client versions of Windows
#
# If you would like to submit a bug report, please visit:
#   http://bugreport.java.com/bugreport/crash.jsp
# The crash happened outside the Java Virtual Machine in native code.
# See problematic frame for where to report the bug.
#

---------------  T H R E A D  ---------------

Current thread (0x00000000199f5800):  JavaThread "GAME_LOOP_THREAD" [_thread_in_native, id=4796, stack(0x000000001b270000,0x000000001b370000)]

siginfo: ExceptionCode=0xc0000005, reading address 0x00000000000001f1

Registers:
RAX=0x00007ffefc018830, RBX=0x0000000017480f30, RCX=0x0000000000000000, RDX=0x000000001b36ed60
RSP=0x000000001b36ea00, RBP=0x000000001b36eb00, RSI=0x0000000000000438, RDI=0x0000000000000780
R8 =0x0000000000000001, R9 =0x0000000000000000, R10=0x0000000019a3bb2b, R11=0x00007ffefbfd5cf0
R12=0x0000000000000000, R13=0x0000000017480f30, R14=0x0000000000000000, R15=0x00000000199f5800
RIP=0x00007ffefbfd5e6f, EFLAGS=0x0000000000010202

Top of Stack: (sp=0x000000001b36ea00)
0x000000001b36ea00:   000000001b36eb50 00000000199c2360
0x000000001b36ea10:   000000014cccaad7 00000000000000ff
0x000000001b36ea20:   0003600100030001 0000000200000003
0x000000001b36ea30:   0000000000000001 0003200100000000
0x000000001b36ea40:   0000000000000000 0000000000000001
0x000000001b36ea50:   0000000000000000 000000006c6da268
0x000000001b36ea60:   0000043800000780 0000000019a3bb2b
0x000000001b36ea70:   0000000000000001 0000000100000001
0x000000001b36ea80:   0000000000000001 0000000100000000
0x000000001b36ea90:   0000000000000001 0000000000000000
0x000000001b36eaa0:   0000000000000000 0000000000000000
0x000000001b36eab0:   0000000000000000 0000000000000000
0x000000001b36eac0:   0000000000000000 0000000000000000
0x000000001b36ead0:   0000000000000000 0000000000000000
0x000000001b36eae0:   0000000000000000 0000000000000000
0x000000001b36eaf0:   0000000000000000 0000000000000000 

Instructions: (pc=0x00007ffefbfd5e6f)
0x00007ffefbfd5e4f:   11 42 20 48 89 4a 30 89 7c 24 60 89 74 24 64 4c
0x00007ffefbfd5e5f:   89 54 24 68 4d 85 c0 74 24 83 7c 24 20 00 74 0a
0x00007ffefbfd5e6f:   41 83 b8 f0 01 00 00 00 75 13 33 d2 b9 0a 00 01
0x00007ffefbfd5e7f:   00 e8 fb bd ff ff 33 c0 e9 eb 00 00 00 48 8d 4c 


Register to memory mapping:

RAX=0x00007ffefc018830 is an unknown value
RBX={method} {0x0000000017480f38} 'invokePPPP' '(JIIJJJ)J' in 'org/lwjgl/system/JNI'
RCX=0x0000000000000000 is an unknown value
RDX=0x000000001b36ed60 is pointing into the stack for thread: 0x00000000199f5800
RSP=0x000000001b36ea00 is pointing into the stack for thread: 0x00000000199f5800
RBP=0x000000001b36eb00 is pointing into the stack for thread: 0x00000000199f5800
RSI=0x0000000000000438 is an unknown value
RDI=0x0000000000000780 is an unknown value
R8 =0x0000000000000001 is an unknown value
R9 =0x0000000000000000 is an unknown value
R10=0x0000000019a3bb2b is an unknown value
R11=0x00007ffefbfd5cf0 is an unknown value
R12=0x0000000000000000 is an unknown value
R13={method} {0x0000000017480f38} 'invokePPPP' '(JIIJJJ)J' in 'org/lwjgl/system/JNI'
R14=0x0000000000000000 is an unknown value
R15=0x00000000199f5800 is a thread


Stack: [0x000000001b270000,0x000000001b370000],  sp=0x000000001b36ea00,  free space=1018k
Native frames: (J=compiled Java code, j=interpreted, Vv=VM code, C=native code)
C  [glfw.dll+0x5e6f]
C  0x0000000002c98c67

Java frames: (J=compiled Java code, j=interpreted, Vv=VM code)
j  org.lwjgl.system.JNI.invokePPPP(JIIJJJ)J+0
j  org.lwjgl.glfw.GLFW.nglfwCreateWindow(IIJJJ)J+14
j  org.lwjgl.glfw.GLFW.glfwCreateWindow(IILjava/lang/CharSequence;JJ)J+33
j  Window.createWindow(IILjava/lang/String;IIZ)V+16
j  GameEngine.init()V+22
j  GameEngine.run()V+1
j  java.lang.Thread.run()V+11
v  ~StubRoutines::call_stub

---------------  P R O C E S S  ---------------

Java Threads: ( => current thread )
  0x0000000002b83800 JavaThread "DestroyJavaVM" [_thread_blocked, id=3540, stack(0x00000000029c0000,0x0000000002ac0000)]
=>0x00000000199f5800 JavaThread "GAME_LOOP_THREAD" [_thread_in_native, id=4796, stack(0x000000001b270000,0x000000001b370000)]
  0x0000000019959800 JavaThread "AWT-Windows" daemon [_thread_in_native, id=8836, stack(0x000000001a240000,0x000000001a340000)]
  0x0000000019957000 JavaThread "AWT-Shutdown" [_thread_blocked, id=1120, stack(0x000000001a140000,0x000000001a240000)]
  0x0000000019954800 JavaThread "Java2D Disposer" daemon [_thread_blocked, id=4104, stack(0x000000001a040000,0x000000001a140000)]
  0x0000000019132800 JavaThread "Service Thread" daemon [_thread_blocked, id=6288, stack(0x0000000019500000,0x0000000019600000)]
  0x00000000177c6800 JavaThread "C1 CompilerThread2" daemon [_thread_blocked, id=8532, stack(0x0000000019000000,0x0000000019100000)]
  0x00000000177b3800 JavaThread "C2 CompilerThread1" daemon [_thread_blocked, id=8164, stack(0x0000000018f00000,0x0000000019000000)]
  0x00000000177b0000 JavaThread "C2 CompilerThread0" daemon [_thread_blocked, id=3020, stack(0x0000000018e00000,0x0000000018f00000)]
  0x00000000177ae800 JavaThread "Attach Listener" daemon [_thread_blocked, id=9760, stack(0x0000000018d00000,0x0000000018e00000)]
  0x00000000177ad000 JavaThread "Signal Dispatcher" daemon [_thread_blocked, id=6912, stack(0x0000000018c00000,0x0000000018d00000)]
  0x000000001779a800 JavaThread "Finalizer" daemon [_thread_blocked, id=5944, stack(0x0000000018a10000,0x0000000018b10000)]
  0x0000000002c73000 JavaThread "Reference Handler" daemon [_thread_blocked, id=3240, stack(0x0000000018910000,0x0000000018a10000)]

Other Threads:
  0x0000000017778000 VMThread [stack: 0x0000000018810000,0x0000000018910000] [id=6804]
  0x0000000019154000 WatcherThread [stack: 0x0000000019600000,0x0000000019700000] [id=516]

VM state:not at safepoint (normal execution)

VM Mutex/Monitor currently owned by a thread: None

Heap:
 PSYoungGen      total 38400K, used 10404K [0x00000000d5f00000, 0x00000000d8980000, 0x0000000100000000)
  eden space 33280K, 31% used [0x00000000d5f00000,0x00000000d6929148,0x00000000d7f80000)
  from space 5120K, 0% used [0x00000000d8480000,0x00000000d8480000,0x00000000d8980000)
  to   space 5120K, 0% used [0x00000000d7f80000,0x00000000d7f80000,0x00000000d8480000)
 ParOldGen       total 87552K, used 0K [0x0000000081c00000, 0x0000000087180000, 0x00000000d5f00000)
  object space 87552K, 0% used [0x0000000081c00000,0x0000000081c00000,0x0000000087180000)
 Metaspace       used 7564K, capacity 7724K, committed 7808K, reserved 1056768K
  class space    used 800K, capacity 896K, committed 896K, reserved 1048576K

Card table byte_map: [0x0000000012040000,0x0000000012440000] byte_map_base: 0x0000000011c32000

Marking Bits: (ParMarkBitMap*) 0x000000006cc208c0
 Begin Bits: [0x0000000012af0000, 0x0000000014a80000)
 End Bits:   [0x0000000014a80000, 0x0000000016a10000)

Polling page: 0x0000000002940000

CodeCache: size=245760Kb used=2389Kb max_used=2389Kb free=243370Kb
 bounds [0x0000000002c80000, 0x0000000002ef0000, 0x0000000011c80000]
 total_blobs=1266 nmethods=471 adapters=708
 compilation: enabled

Compilation events (10 events):
Event: 0.612 Thread 0x00000000177c6800  466       3       java.lang.ThreadLocal::get (38 bytes)
Event: 0.613 Thread 0x00000000177c6800 nmethod 466 0x0000000002e9ef50 code [0x0000000002e9f0e0, 0x0000000002e9f498]
Event: 0.613 Thread 0x00000000177c6800  467       3       org.lwjgl.system.MemoryAccess$MemoryAccessorUnsafe$MemoryTextUtilUnsafe::encodeASCII (66 bytes)
Event: 0.613 Thread 0x00000000177c6800 nmethod 467 0x0000000002e9f690 code [0x0000000002e9f820, 0x0000000002e9fcd8]
Event: 0.639 Thread 0x00000000177c6800  468       1       java.net.URLClassLoader::access$000 (5 bytes)
Event: 0.639 Thread 0x00000000177c6800 nmethod 468 0x0000000002ed3750 code [0x0000000002ed38a0, 0x0000000002ed3990]
Event: 0.644 Thread 0x00000000177c6800  470       3       java.net.URLStreamHandler::setURL (40 bytes)
Event: 0.644 Thread 0x00000000177c6800 nmethod 470 0x0000000002ed4590 code [0x0000000002ed4720, 0x0000000002ed4ad8]
Event: 0.644 Thread 0x00000000177c6800  471   !   3       java.net.URL::set (114 bytes)
Event: 0.645 Thread 0x00000000177c6800 nmethod 471 0x0000000002ed4c50 code [0x0000000002ed4e40, 0x0000000002ed5978]

GC Heap History (0 events):
No events

Deoptimization events (1 events):
Event: 0.506 Thread 0x0000000002b83800 Uncommon trap: reason=unstable_if action=reinterpret pc=0x0000000002e5ff84 method=java.lang.String.indexOf([CII[CIII)I @ 134

Classes redefined (0 events):
No events

Internal exceptions (10 events):
Event: 0.063 Thread 0x0000000002b83800 Exception <a 'java/lang/NoSuchMethodError': Method sun.misc.Unsafe.defineClass(Ljava/lang/String;[BII)Ljava/lang/Class; name or signature does not match> (0x00000000d5f07cb0) thrown at [C:\re\workspace\8-2-build-windows-amd64-cygwin\jdk8u171\10807\hotspot
Event: 0.063 Thread 0x0000000002b83800 Exception <a 'java/lang/NoSuchMethodError': Method sun.misc.Unsafe.prefetchRead(Ljava/lang/Object;J)V name or signature does not match> (0x00000000d5f07f98) thrown at [C:\re\workspace\8-2-build-windows-amd64-cygwin\jdk8u171\10807\hotspot\src\share\vm\prim
Event: 0.275 Thread 0x0000000002b83800 Exception <a 'java/security/PrivilegedActionException'> (0x00000000d62b3c98) thrown at [C:\re\workspace\8-2-build-windows-amd64-cygwin\jdk8u171\10807\hotspot\src\share\vm\prims\jvm.cpp, line 1435]
Event: 0.275 Thread 0x0000000002b83800 Exception <a 'java/security/PrivilegedActionException'> (0x00000000d62b4090) thrown at [C:\re\workspace\8-2-build-windows-amd64-cygwin\jdk8u171\10807\hotspot\src\share\vm\prims\jvm.cpp, line 1435]
Event: 0.276 Thread 0x0000000002b83800 Exception <a 'java/security/PrivilegedActionException'> (0x00000000d62b7ee8) thrown at [C:\re\workspace\8-2-build-windows-amd64-cygwin\jdk8u171\10807\hotspot\src\share\vm\prims\jvm.cpp, line 1435]
Event: 0.276 Thread 0x0000000002b83800 Exception <a 'java/security/PrivilegedActionException'> (0x00000000d62b82e0) thrown at [C:\re\workspace\8-2-build-windows-amd64-cygwin\jdk8u171\10807\hotspot\src\share\vm\prims\jvm.cpp, line 1435]
Event: 0.336 Thread 0x0000000002b83800 Exception <a 'java/io/FileNotFoundException'> (0x00000000d6360ae8) thrown at [C:\re\workspace\8-2-build-windows-amd64-cygwin\jdk8u171\10807\hotspot\src\share\vm\prims\jni.cpp, line 709]
Event: 0.389 Thread 0x0000000002b83800 Exception <a 'java/lang/NoSuchFieldError': method resolution failed> (0x00000000d6431400) thrown at [C:\re\workspace\8-2-build-windows-amd64-cygwin\jdk8u171\10807\hotspot\src\share\vm\prims\methodHandles.cpp, line 1167]
Event: 0.391 Thread 0x0000000002b83800 Exception <a 'java/lang/NoSuchFieldError': method resolution failed> (0x00000000d643e7d0) thrown at [C:\re\workspace\8-2-build-windows-amd64-cygwin\jdk8u171\10807\hotspot\src\share\vm\prims\methodHandles.cpp, line 1167]
Event: 0.483 Thread 0x0000000002b83800 Exception <a 'java/lang/NoSuchMethodError': java.lang.Object.lambda$static$0(Ljava/lang/String;)Ljava/lang/Boolean;> (0x00000000d653b988) thrown at [C:\re\workspace\8-2-build-windows-amd64-cygwin\jdk8u171\10807\hotspot\src\share\vm\interpreter\linkResolve

Events (10 events):
Event: 0.641 loading class org/joml/Vector2dc done
Event: 0.643 loading class org/joml/Vector2f
Event: 0.643 loading class org/joml/Vector2f done
Event: 0.644 loading class org/joml/Vector2fc
Event: 0.644 loading class org/joml/Vector2fc done
Event: 0.646 Thread 0x00000000199f5800 Thread added: 0x00000000199f5800
Event: 0.646 Thread 0x0000000002b83800 Thread exited: 0x0000000002b83800
Event: 0.646 Thread 0x0000000002b83800 Thread added: 0x0000000002b83800
Event: 0.646 loading class org/lwjgl/glfw/EventLoop$OffScreen
Event: 0.646 loading class org/lwjgl/glfw/EventLoop$OffScreen done


Dynamic libraries:
0x00007ff710b80000 - 0x00007ff710bb7000 	C:\Program Files\Java\jre1.8.0_171\bin\javaw.exe
0x00007fff1af60000 - 0x00007fff1b141000 	C:\WINDOWS\SYSTEM32\ntdll.dll
0x00007fff18710000 - 0x00007fff187c2000 	C:\WINDOWS\System32\KERNEL32.DLL
0x00007fff177a0000 - 0x00007fff17a13000 	C:\WINDOWS\System32\KERNELBASE.dll
0x00007fff18910000 - 0x00007fff189b1000 	C:\WINDOWS\System32\ADVAPI32.dll
0x00007fff18870000 - 0x00007fff1890e000 	C:\WINDOWS\System32\msvcrt.dll
0x00007fff18580000 - 0x00007fff185db000 	C:\WINDOWS\System32\sechost.dll
0x00007fff185e0000 - 0x00007fff18704000 	C:\WINDOWS\System32\RPCRT4.dll
0x00007fff183f0000 - 0x00007fff18580000 	C:\WINDOWS\System32\USER32.dll
0x00007fff17a20000 - 0x00007fff17a40000 	C:\WINDOWS\System32\win32u.dll
0x00007fff18ee0000 - 0x00007fff18f08000 	C:\WINDOWS\System32\GDI32.dll
0x00007fff18150000 - 0x00007fff182e2000 	C:\WINDOWS\System32\gdi32full.dll
0x00007fff173e0000 - 0x00007fff1747f000 	C:\WINDOWS\System32\msvcp_win.dll
0x00007fff182f0000 - 0x00007fff183ea000 	C:\WINDOWS\System32\ucrtbase.dll
0x00007fff0b7c0000 - 0x00007fff0ba29000 	C:\WINDOWS\WinSxS\amd64_microsoft.windows.common-controls_6595b64144ccf1df_6.0.17134.112_none_fb3f961b30681c12\COMCTL32.dll
0x00007fff1abd0000 - 0x00007fff1aef3000 	C:\WINDOWS\System32\combase.dll
0x00007fff176c0000 - 0x00007fff1773a000 	C:\WINDOWS\System32\bcryptPrimitives.dll
0x00007fff1af00000 - 0x00007fff1af2d000 	C:\WINDOWS\System32\IMM32.DLL
0x000000006c150000 - 0x000000006c222000 	C:\Program Files\Java\jre1.8.0_171\bin\msvcr100.dll
0x000000006c400000 - 0x000000006cca0000 	C:\Program Files\Java\jre1.8.0_171\bin\server\jvm.dll
0x00007fff1ab60000 - 0x00007fff1ab68000 	C:\WINDOWS\System32\PSAPI.DLL
0x00007fff0a3c0000 - 0x00007fff0a3c9000 	C:\WINDOWS\SYSTEM32\WSOCK32.dll
0x00007fff0f1f0000 - 0x00007fff0f213000 	C:\WINDOWS\SYSTEM32\WINMM.dll
0x00007fff19090000 - 0x00007fff190fc000 	C:\WINDOWS\System32\WS2_32.dll
0x00007fff0f060000 - 0x00007fff0f06a000 	C:\WINDOWS\SYSTEM32\VERSION.dll
0x00007fff0f1c0000 - 0x00007fff0f1ea000 	C:\WINDOWS\SYSTEM32\WINMMBASE.dll
0x00007fff17480000 - 0x00007fff174c9000 	C:\WINDOWS\System32\cfgmgr32.dll
0x000000006c310000 - 0x000000006c31f000 	C:\Program Files\Java\jre1.8.0_171\bin\verify.dll
0x000000006c2e0000 - 0x000000006c309000 	C:\Program Files\Java\jre1.8.0_171\bin\java.dll
0x000000006c2c0000 - 0x000000006c2d6000 	C:\Program Files\Java\jre1.8.0_171\bin\zip.dll
0x00007fff19300000 - 0x00007fff1a740000 	C:\WINDOWS\System32\SHELL32.dll
0x00007fff1a740000 - 0x00007fff1a7e9000 	C:\WINDOWS\System32\shcore.dll
0x00007fff17a40000 - 0x00007fff1814d000 	C:\WINDOWS\System32\windows.storage.dll
0x00007fff1a9a0000 - 0x00007fff1a9f1000 	C:\WINDOWS\System32\shlwapi.dll
0x00007fff172f0000 - 0x00007fff17301000 	C:\WINDOWS\System32\kernel.appcore.dll
0x00007fff17310000 - 0x00007fff1732f000 	C:\WINDOWS\System32\profapi.dll
0x00007fff17270000 - 0x00007fff172bc000 	C:\WINDOWS\System32\powrprof.dll
0x00007fff172e0000 - 0x00007fff172ea000 	C:\WINDOWS\System32\FLTLIB.DLL
0x000000006bfb0000 - 0x000000006c148000 	C:\Program Files\Java\jre1.8.0_171\bin\awt.dll
0x00007fff18e10000 - 0x00007fff18ed2000 	C:\WINDOWS\System32\OLEAUT32.dll
0x00007fff15450000 - 0x00007fff154db000 	C:\WINDOWS\SYSTEM32\apphelp.dll
0x00007fff15910000 - 0x00007fff159a8000 	C:\WINDOWS\system32\uxtheme.dll
0x00007fff18f10000 - 0x00007fff19085000 	C:\WINDOWS\System32\MSCTF.dll
0x00007fff15bd0000 - 0x00007fff15bf9000 	C:\WINDOWS\system32\dwmapi.dll
0x00007fff1aa00000 - 0x00007fff1ab51000 	C:\WINDOWS\System32\ole32.dll
0x000000006c2a0000 - 0x000000006c2ba000 	C:\Program Files\Java\jre1.8.0_171\bin\net.dll
0x00007fff16a90000 - 0x00007fff16af6000 	C:\WINDOWS\system32\mswsock.dll
0x000000006c280000 - 0x000000006c291000 	C:\Program Files\Java\jre1.8.0_171\bin\nio.dll
0x00007ffeffb40000 - 0x00007ffeffb9b000 	C:\Users\Zoostorm\AppData\Local\Temp\lwjglZoostorm\3.1.6-build-14\lwjgl.dll
0x00007ffefbfd0000 - 0x00007ffefc021000 	C:\Users\Zoostorm\AppData\Local\Temp\lwjglZoostorm\3.1.6-build-14\glfw.dll
0x00007ffefbab0000 - 0x00007ffefbaf3000 	C:\WINDOWS\SYSTEM32\dinput8.dll
0x00007fff11020000 - 0x00007fff11030000 	C:\WINDOWS\SYSTEM32\xinput1_4.dll
0x00007fff17080000 - 0x00007fff170a7000 	C:\WINDOWS\SYSTEM32\DEVOBJ.dll
0x00007fff0efd0000 - 0x00007fff0f049000 	C:\WINDOWS\SYSTEM32\inputhost.dll
0x00007fff12540000 - 0x00007fff1268d000 	C:\WINDOWS\SYSTEM32\wintypes.dll
0x00007fff15340000 - 0x00007fff1541a000 	C:\WINDOWS\SYSTEM32\CoreMessaging.dll
0x00007fff09a50000 - 0x00007fff09d6e000 	C:\WINDOWS\SYSTEM32\CoreUIComponents.dll
0x00007fff16330000 - 0x00007fff16361000 	C:\WINDOWS\SYSTEM32\ntmarta.dll
0x00007fff15f80000 - 0x00007fff15f8c000 	C:\WINDOWS\SYSTEM32\HID.DLL
0x00007fff189c0000 - 0x00007fff18e0b000 	C:\WINDOWS\System32\SETUPAPI.DLL
0x00007fff17740000 - 0x00007fff17797000 	C:\WINDOWS\System32\WINTRUST.dll
0x00007fff172c0000 - 0x00007fff172d2000 	C:\WINDOWS\System32\MSASN1.dll
0x00007fff174d0000 - 0x00007fff176b2000 	C:\WINDOWS\System32\CRYPT32.dll
0x00007fff126b0000 - 0x00007fff12879000 	C:\WINDOWS\SYSTEM32\dbghelp.dll

VM Arguments:
jvm_args: -Dfile.encoding=Cp1252 
java_command: Main
java_class_path (initial): C:\Users\Zoostorm\workspace\3DRPG\bin;C:\Users\Zoostorm\workspace\3DRPG\lwjgl-release-3.1.6-custom\lwjgl.jar;C:\Users\Zoostorm\workspace\3DRPG\lwjgl-release-3.1.6-custom\lwjgl-assimp.jar;C:\Users\Zoostorm\workspace\3DRPG\lwjgl-release-3.1.6-custom\lwjgl-assimp-natives-windows.jar;C:\Users\Zoostorm\workspace\3DRPG\lwjgl-release-3.1.6-custom\lwjgl-bgfx.jar;C:\Users\Zoostorm\workspace\3DRPG\lwjgl-release-3.1.6-custom\lwjgl-bgfx-natives-windows.jar;C:\Users\Zoostorm\workspace\3DRPG\lwjgl-release-3.1.6-custom\lwjgl-egl.jar;C:\Users\Zoostorm\workspace\3DRPG\lwjgl-release-3.1.6-custom\lwjgl-glfw.jar;C:\Users\Zoostorm\workspace\3DRPG\lwjgl-release-3.1.6-custom\lwjgl-glfw-natives-windows.jar;C:\Users\Zoostorm\workspace\3DRPG\lwjgl-release-3.1.6-custom\lwjgl-jawt.jar;C:\Users\Zoostorm\workspace\3DRPG\lwjgl-release-3.1.6-custom\lwjgl-jemalloc.jar;C:\Users\Zoostorm\workspace\3DRPG\lwjgl-release-3.1.6-custom\lwjgl-jemalloc-natives-windows.jar;C:\Users\Zoostorm\workspace\3DRPG\lwjgl-release-3.1.6-custom\lwjgl-lmdb.jar;C:\Users\Zoostorm\workspace\3DRPG\lwjgl-release-3.1.6-custom\lwjgl-lmdb-natives-windows.jar;C:\Users\Zoostorm\workspace\3DRPG\lwjgl-release-3.1.6-custom\lwjgl-lz4.jar;C:\Users\Zoostorm\workspace\3DRPG\lwjgl-release-3.1.6-custom\lwjgl-lz4-natives-windows.jar;C:\Users\Zoostorm\workspace\3DRPG\lwjgl-release-3.1.6-custom\lwjgl-nanovg.jar;C:\Users\Zoostorm\workspace\3DRPG\lwjgl-release-3.1.6-custom\lwjgl-nanovg-natives-windows.jar;C:\Users\Zoostorm\workspace\3DRPG\lwjgl-release-3.1.6-custom\lwjgl-natives-windows.jar;C:\Users\Zoostorm\workspace\3DRPG\lwjgl-release-3.1.6-custom\lwjgl-nfd.jar;C:\Users\Zoostorm\workspace\3DRPG\lwjgl-release-3.1.6-custom\lwjgl-nfd-natives-windows.jar;C:\Users\Zoostorm\workspace\3DRPG\lwjgl-release-3.1.6-custom\lwjgl-nuklear.jar;C:\Users\Zoostorm\workspace\3DRPG\lwjgl-release-3.1.6-custom\lwjgl-nuklear-natives-windows.jar;C:\Users\Zoostorm\workspace\3DRPG\lwjgl-release-3.1.6-custom\lwjgl-odbc.jar;C:\Users\Zoostorm\
Launcher Type: SUN_STANDARD

Environment Variables:
PATH=C:/Program Files/Java/jre1.8.0_171/bin/server;C:/Program Files/Java/jre1.8.0_171/bin;C:/Program Files/Java/jre1.8.0_171/lib/amd64;C:\Program Files (x86)\Common Files\Oracle\Java\javapath;C:\ProgramData\Oracle\Java\javapath;C:\windows\system32;C:\windows;C:\windows\System32\Wbem;C:\windows\System32\WindowsPowerShell\v1.0\;C:\Program Files (x86)\NVIDIA Corporation\PhysX\Common;C:\Program Files\Intel\WiFi\bin\;C:\Program Files\Common Files\Intel\WirelessCommon\;C:\WINDOWS\system32;C:\WINDOWS;C:\WINDOWS\System32\Wbem;C:\WINDOWS\System32\WindowsPowerShell\v1.0\;C:\Program Files\Git\cmd;C:\Program Files (x86)\Gpg4win\..\GnuPG\bin;C:\WINDOWS\System32\OpenSSH\;C:\Users\Zoostorm\AppData\Local\Microsoft\WindowsApps;;C:\Users\Zoostorm\Desktop;
USERNAME=Zoostorm
OS=Windows_NT
PROCESSOR_IDENTIFIER=Intel64 Family 6 Model 60 Stepping 3, GenuineIntel



---------------  S Y S T E M  ---------------

OS: Windows 10.0 , 64 bit Build 17134 (10.0.17134.1)

CPU:total 4 (initial active 4) (2 cores per cpu, 2 threads per core) family 6 model 60 stepping 3, cmov, cx8, fxsr, mmx, sse, sse2, sse3, ssse3, sse4.1, sse4.2, popcnt, avx, avx2, aes, clmul, erms, lzcnt, ht, tsc, tscinvbit, bmi1, bmi2

Memory: 4k page, physical 8270248k(4630264k free), swap 11809192k(7288268k free)

vm_info: Java HotSpot(TM) 64-Bit Server VM (25.171-b11) for windows-amd64 JRE (1.8.0_171-b11), built on Mar 28 2018 16:06:12 by "java_re" with MS VC++ 10.0 (VS2010)

time: Tue Jun 19 23:59:51 2018
elapsed time: 0 seconds (0d 0h 0m 0s)

